<?xml version="1.0" encoding="UTF-8"?>
<!-- Generated by org.testng.reporters.JUnitReportReporter -->
<testsuite hostname="tm-6" name="com.TestCases.Tc_01_ValidateRegisterLink" tests="1" failures="0" timestamp="22 Nov 2018 08:49:39 GMT" time="101.876" errors="0">
  <testcase name="validate_RegisterLink" time="101.876" classname="com.TestCases.Tc_01_ValidateRegisterLink"/>
</testsuite> <!-- com.TestCases.Tc_01_ValidateRegisterLink -->
